Active-HDL 13.0.375.8320 2023-07-03 21:29:42

Elaboration top modules:
Architecture                  behavioral(tb_animation)


----------------------------------------------------------------------------------------------------
Entity          | Architecture | Library   | Info | Compiler Version          | Compilation Options
----------------------------------------------------------------------------------------------------
tb_animation    | behavioral   | animation |      | 13.0.375.8320 (Windows64) | -O3
animation       | Behavior     | animation |      | 13.0.375.8320 (Windows64) | -O3
serial_playback | behavioral   | animation |      | 13.0.375.8320 (Windows64) | -O3
----------------------------------------------------------------------------------------------------

----------------------------------------------------------------------------------------------------
VHDL Package                   | Library   | Info | Compiler Version          | Compilation Options
----------------------------------------------------------------------------------------------------
standard                       | std       |      |                           | <unavailable>
TEXTIO                         | std       |      | 13.0.375.8320 (Windows64) |  -2019
std_logic_1164                 | ieee      |      | 13.0.375.8320 (Windows64) |  -2008
types                          | animation |      | 13.0.375.8320 (Windows64) | -O3
NUMERIC_STD                    | ieee      |      | 13.0.375.8320 (Windows64) |  -2008
----------------------------------------------------------------------------------------------------

----------------------------------------------------------------------------------------------------
Library                        | Comment
----------------------------------------------------------------------------------------------------
animation                      | None
ieee                           | Standard IEEE packages library
std                            | Standard VHDL library
----------------------------------------------------------------------------------------------------
